<testsuites>
  <testsuite name="SSLScan Security Tests" host="google.com" port="443" tests="30" failures="2" errors="0" time="2.633335142s">
    <testcase name="Protocol SSLv2" classname="SSLScan.ProtocolTest"></testcase>
    <testcase name="Protocol SSLv3" classname="SSLScan.ProtocolTest"></testcase>
    <testcase name="Protocol TLSv1.0" classname="SSLScan.ProtocolTest">
      <failure message="Insecure protocol enabled">Protocol TLSv1.0 is enabled but not secure</failure>
    </testcase>
    <testcase name="Protocol TLSv1.1" classname="SSLScan.ProtocolTest">
      <failure message="Insecure protocol enabled">Protocol TLSv1.1 is enabled but not secure</failure>
    </testcase>
    <testcase name="Protocol TLSv1.2" classname="SSLScan.ProtocolTest"></testcase>
    <testcase name="Protocol TLSv1.3" classname="SSLScan.ProtocolTest"></testcase>
    <testcase name="Cipher TLS_AES_128_GCM_SHA256" classname="SSLScan.CipherTest" time="86.448539ms">
      <failure message="Weak cipher accepted">Cipher TLS_AES_128_GCM_SHA256 is accepted</failure>
    </testcase>
    <testcase name="Cipher TLS_AES_256_GCM_SHA384" classname="SSLScan.CipherTest" time="92.528442ms"></testcase>
    <testcase name="Cipher TLS_CHACHA20_POLY1305_SHA256" classname="SSLScan.CipherTest" time="92.120755ms"></testcase>
    <testcase name="Cipher " classname="SSLScan.CipherTest" time="85.138314ms"></testcase>
    <testcase name="Cipher " classname="SSLScan.CipherTest" time="90.438542ms"></testcase>
    <testcase name="Cipher TLS_ECDHE_RSA_WITH_AES_128_CBC_SHA" classname="SSLScan.CipherTest" time="86.95832ms"></testcase>
    <testcase name="Cipher TLS_ECDHE_RSA_WITH_AES_256_CBC_SHA" classname="SSLScan.CipherTest" time="92.314733ms"></testcase>
    <testcase name="Cipher TLS_ECDHE_ECDSA_WITH_AES_128_GCM_SHA256" classname="SSLScan.CipherTest" time="83.363471ms"></testcase>
    <testcase name="Cipher TLS_ECDHE_ECDSA_WITH_AES_256_GCM_SHA384" classname="SSLScan.CipherTest" time="86.752938ms"></testcase>
    <testcase name="Cipher TLS_ECDHE_RSA_WITH_AES_128_GCM_SHA256" classname="SSLScan.CipherTest" time="90.500675ms"></testcase>
    <testcase name="Cipher TLS_ECDHE_RSA_WITH_AES_256_GCM_SHA384" classname="SSLScan.CipherTest" time="87.44311ms"></testcase>
    <testcase name="Cipher TLS_ECDHE_RSA_WITH_CHACHA20_POLY1305" classname="SSLScan.CipherTest" time="80.881372ms"></testcase>
    <testcase name="Cipher TLS_ECDHE_ECDSA_WITH_CHACHA20_POLY1305" classname="SSLScan.CipherTest" time="99.911713ms"></testcase>
    <testcase name="Cipher SSL_RSA_WITH_RC4_128_MD5" classname="SSLScan.CipherTest" time="91.076141ms"></testcase>
    <testcase name="Cipher SSL_RSA_WITH_RC4_128_SHA" classname="SSLScan.CipherTest" time="91.488622ms"></testcase>
    <testcase name="Cipher TLS_RSA_WITH_3DES_EDE_CBC_SHA" classname="SSLScan.CipherTest" time="86.847822ms"></testcase>
    <testcase name="Cipher TLS_RSA_WITH_AES_128_CBC_SHA" classname="SSLScan.CipherTest" time="92.540734ms"></testcase>
    <testcase name="Cipher TLS_RSA_WITH_AES_256_CBC_SHA" classname="SSLScan.CipherTest" time="84.792143ms"></testcase>
    <testcase name="Cipher TLS_RSA_WITH_AES_128_CBC_SHA256" classname="SSLScan.CipherTest" time="85.115729ms"></testcase>
    <testcase name="Cipher TLS_RSA_WITH_AES_256_CBC_SHA256" classname="SSLScan.CipherTest" time="96.004667ms"></testcase>
    <testcase name="Cipher TLS_ECDHE_RSA_WITH_AES_128_CBC_SHA" classname="SSLScan.CipherTest" time="88.684756ms"></testcase>
    <testcase name="Cipher TLS_ECDHE_RSA_WITH_AES_256_CBC_SHA" classname="SSLScan.CipherTest" time="83.893062ms"></testcase>
    <testcase name="Cipher TLS_ECDHE_RSA_WITH_AES_128_CBC_SHA256" classname="SSLScan.CipherTest" time="88.046522ms"></testcase>
    <testcase name="Cipher TLS_ECDHE_RSA_WITH_AES_256_CBC_SHA384" classname="SSLScan.CipherTest" time="88.719363ms"></testcase>
  </testsuite>
</testsuites>